<?xml version="1.0" encoding="UTF-8"?>
<!-- Generated by org.testng.reporters.JUnitReportReporter -->
<testsuite hostname="noak-PC" name="test.cli.cloudify.UninstallWithDelayTest" tests="2" failures="0" timestamp="21 Jun 2012 10:52:30 GMT" time="211.427" errors="0">
  <testcase name="testUninstallService" time="105.350" classname="test.cli.cloudify.UninstallWithDelayTest"/>
  <testcase name="testUninstallApplication" time="106.077" classname="test.cli.cloudify.UninstallWithDelayTest"/>
</testsuite> <!-- test.cli.cloudify.UninstallWithDelayTest -->
