<?xml version="1.0" encoding="UTF-8"?>
<!-- Generated by org.testng.reporters.JUnitReportReporter -->
<testsuite hostname="noak-PC" name="test.cli.cloudify.cloud.MyTestA" tests="2" failures="0" timestamp="22 Jul 2012 14:45:28 GMT" time="0.025" errors="0">
  <testcase name="testMethod2" time="0.018" classname="test.cli.cloudify.cloud.MyTestA"/>
  <testcase name="testMethod1" time="0.007" classname="test.cli.cloudify.cloud.MyTestA"/>
</testsuite> <!-- test.cli.cloudify.cloud.MyTestA -->
