<?xml version="1.0" encoding="UTF-8"?>
<!-- Generated by org.testng.reporters.JUnitReportReporter -->
<testsuite hostname="Noak-pc" name="test.cli.cloudify.TestCLIRestExceptionHandling" tests="1" failures="0" timestamp="8 Jan 2012 08:51:22 GMT" time="58.953" errors="0">
  <testcase name="testBadConnection" time="58.953" classname="test.cli.cloudify.TestCLIRestExceptionHandling"/>
</testsuite>
