<?xml version="1.0" encoding="UTF-8"?>
<!-- Generated by org.testng.reporters.JUnitReportReporter -->
<testsuite hostname="noak-PC" name="test.cli.cloudify.recipes.attributes.AttributesTest" tests="14" failures="0" timestamp="25 Jul 2012 07:14:59 GMT" time="92.706" errors="0">
  <testcase name="testRemoveInstance" time="4.975" classname="test.cli.cloudify.recipes.attributes.AttributesTest"/>
  <testcase name="testApplicationSetAttributeCustomParams" time="3.619" classname="test.cli.cloudify.recipes.attributes.AttributesTest"/>
  <testcase name="testSimpleSetGlobalAttributesOneApp" time="2.351" classname="test.cli.cloudify.recipes.attributes.AttributesTest"/>
  <testcase name="testInstanceIteration" time="2.438" classname="test.cli.cloudify.recipes.attributes.AttributesTest"/>
  <testcase name="testSimpleApplicationSetAttribute" time="4.529" classname="test.cli.cloudify.recipes.attributes.AttributesTest"/>
  <testcase name="testOverrideInstanceAttribute" time="4.925" classname="test.cli.cloudify.recipes.attributes.AttributesTest"/>
  <testcase name="testCleanInstanceAfterSetService" time="7.957" classname="test.cli.cloudify.recipes.attributes.AttributesTest"/>
  <testcase name="testServiceSetAttribute" time="8.208" classname="test.cli.cloudify.recipes.attributes.AttributesTest"/>
  <testcase name="testServiceInstanceSetAttribute" time="7.196" classname="test.cli.cloudify.recipes.attributes.AttributesTest"/>
  <testcase name="testSetCustomPojo" time="2.393" classname="test.cli.cloudify.recipes.attributes.AttributesTest"/>
  <testcase name="testServiceSetAttributeByName" time="2.302" classname="test.cli.cloudify.recipes.attributes.AttributesTest"/>
  <testcase name="testGlobalSetAttributeCustomParamsTwoApps" time="32.212" classname="test.cli.cloudify.recipes.attributes.AttributesTest"/>
  <testcase name="testCleanAppAfterSetService" time="4.897" classname="test.cli.cloudify.recipes.attributes.AttributesTest"/>
  <testcase name="testRemoveThisService" time="4.704" classname="test.cli.cloudify.recipes.attributes.AttributesTest"/>
</testsuite> <!-- test.cli.cloudify.recipes.attributes.AttributesTest -->
