<?xml version="1.0" encoding="UTF-8"?>
<!-- Generated by org.testng.reporters.JUnitReportReporter -->
<testsuite hostname="Noak-pc" name="test.cli.cloudify.AdminApiControllerTest" tests="1" failures="0" timestamp="11 Mar 2012 10:22:07 GMT" time="713.625" errors="0">
  <testcase name="testController" time="713.625" classname="test.cli.cloudify.AdminApiControllerTest"/>
</testsuite>
