<?xml version="1.0" encoding="UTF-8"?>
<!-- Generated by org.testng.reporters.JUnitReportReporter -->
<testsuite hostname="noak-PC" name="test.cli.cloudify.USMKitchenSinkTest" tests="1" failures="0" timestamp="11 Jul 2012 13:11:53 GMT" time="151.000" errors="1">
  <testcase name="testKitchenSink" time="151.000" classname="test.cli.cloudify.USMKitchenSinkTest">
    <error type="java.lang.AssertionError" message="Process port is still open! Process did not shut down as expected">
      <![CDATA[java.lang.AssertionError: Process port is still open! Process did not shut down as expected
	at org.testng.AssertJUnit.fail(AssertJUnit.java:59)
	at org.testng.AssertJUnit.assertTrue(AssertJUnit.java:24)
	at framework.utils.AssertUtils._assertTrue(AssertUtils.java:144)
	at framework.utils.AssertUtils.assertTrue(AssertUtils.java:137)
	at test.AbstractTestSupport.assertTrue(AbstractTestSupport.java:80)
	at test.cli.cloudify.USMKitchenSinkTest.testKitchenSink(USMKitchenSinkTest.java:163)
	at sun.reflect.NativeMethodAccessorImpl.invoke0(Native Method)
	at sun.reflect.NativeMethodAccessorImpl.invoke(NativeMethodAccessorImpl.java:39)
	at sun.reflect.DelegatingMethodAccessorImpl.invoke(DelegatingMethodAccessorImpl.java:25)
	at java.lang.reflect.Method.invoke(Method.java:597)
	at org.testng.internal.MethodInvocationHelper.invokeMethod(MethodInvocationHelper.java:80)
	at org.testng.internal.InvokeMethodRunnable.runOne(InvokeMethodRunnable.java:46)
	at org.testng.internal.InvokeMethodRunnable.run(InvokeMethodRunnable.java:37)
	at java.util.concurrent.Executors$RunnableAdapter.call(Executors.java:441)
	at java.util.concurrent.FutureTask$Sync.innerRun(FutureTask.java:303)
	at java.util.concurrent.FutureTask.run(FutureTask.java:138)
	at java.util.concurrent.ThreadPoolExecutor$Worker.runTask(ThreadPoolExecutor.java:886)
	at java.util.concurrent.ThreadPoolExecutor$Worker.run(ThreadPoolExecutor.java:908)
	at java.lang.Thread.run(Thread.java:662)
]]>
    </error>
  </testcase> <!-- testKitchenSink -->
</testsuite> <!-- test.cli.cloudify.USMKitchenSinkTest -->
