<?xml version="1.0" encoding="UTF-8"?>
<!-- Generated by org.testng.reporters.JUnitReportReporter -->
<testsuite hostname="noak-PC" name="test.cli.cloudify.recipes.inheritence.RecipeInheritenceTest" tests="3" failures="0" timestamp="31 May 2012 07:32:35 GMT" time="478.536" errors="0">
  <testcase name="simpleInheritenceTest" time="181.740" classname="test.cli.cloudify.recipes.inheritence.RecipeInheritenceTest"/>
  <testcase name="overrideTomcatPortTest" time="169.855" classname="test.cli.cloudify.recipes.inheritence.RecipeInheritenceTest"/>
  <testcase name="overrideCassandraInitFileTest" time="126.941" classname="test.cli.cloudify.recipes.inheritence.RecipeInheritenceTest"/>
</testsuite> <!-- test.cli.cloudify.recipes.inheritence.RecipeInheritenceTest -->
