<?xml version="1.0" encoding="UTF-8"?>
<!-- Generated by org.testng.reporters.JUnitReportReporter -->
<testsuite hostname="noak-PC" name="test.cli.cloudify.cloud.KillManagementTest" tests="1" failures="0" timestamp="13 Jun 2012 20:36:56 GMT" time="706.038" errors="1">
  <testcase name="testPetclinic" time="706.038" classname="test.cli.cloudify.cloud.KillManagementTest">
    <error type="java.lang.AssertionError" message="Failed running ssh command: &#039;visudo shutdown now -r&#039; on 192.168.9.127">
      <![CDATA[java.lang.AssertionError: Failed running ssh command: 'visudo shutdown now -r' on 192.168.9.127
	at org.testng.Assert.fail(Assert.java:89)
	at framework.utils.SSHUtils.runCommand(SSHUtils.java:363)
	at test.cli.cloudify.cloud.KillManagementTest.restartMachine(KillManagementTest.java:159)
	at test.cli.cloudify.cloud.KillManagementTest.restartMachineAndWait(KillManagementTest.java:148)
	at test.cli.cloudify.cloud.KillManagementTest.testPetclinic(KillManagementTest.java:113)
	at sun.reflect.NativeMethodAccessorImpl.invoke0(Native Method)
	at sun.reflect.NativeMethodAccessorImpl.invoke(NativeMethodAccessorImpl.java:39)
	at sun.reflect.DelegatingMethodAccessorImpl.invoke(DelegatingMethodAccessorImpl.java:25)
	at java.lang.reflect.Method.invoke(Method.java:597)
	at org.testng.internal.MethodInvocationHelper.invokeMethod(MethodInvocationHelper.java:80)
	at org.testng.internal.InvokeMethodRunnable.runOne(InvokeMethodRunnable.java:46)
	at org.testng.internal.InvokeMethodRunnable.run(InvokeMethodRunnable.java:37)
	at java.util.concurrent.Executors$RunnableAdapter.call(Executors.java:441)
	at java.util.concurrent.FutureTask$Sync.innerRun(FutureTask.java:303)
	at java.util.concurrent.FutureTask.run(FutureTask.java:138)
	at java.util.concurrent.ThreadPoolExecutor$Worker.runTask(ThreadPoolExecutor.java:886)
	at java.util.concurrent.ThreadPoolExecutor$Worker.run(ThreadPoolExecutor.java:908)
	at java.lang.Thread.run(Thread.java:662)
]]>
    </error>
  </testcase> <!-- testPetclinic -->
</testsuite> <!-- test.cli.cloudify.cloud.KillManagementTest -->
