<?xml version="1.0" encoding="UTF-8"?>
<!-- Generated by org.testng.reporters.JUnitReportReporter -->
<testsuite hostname="noak-PC" name="test.cli.cloudify.recipes.RecipeTest" tests="1" failures="0" timestamp="20 May 2012 10:12:57 GMT" time="54.993" errors="0">
  <testcase name="installTomcat" time="54.993" classname="test.cli.cloudify.recipes.RecipeTest"/>
</testsuite> <!-- test.cli.cloudify.recipes.RecipeTest -->
