<?xml version="1.0" encoding="UTF-8"?>
<!-- Generated by org.testng.reporters.JUnitReportReporter -->
<testsuite hostname="Noak-pc" name="test.cli.cloudify.BootstrapCloudByonTest" tests="1" failures="0" timestamp="15 Mar 2012 15:28:25 GMT" time="379.581" errors="0">
  <testcase name="bootstrapByonCloudTest" time="379.581" classname="test.cli.cloudify.BootstrapCloudByonTest"/>
</testsuite>
