<?xml version="1.0" encoding="UTF-8"?>
<!-- Generated by org.testng.reporters.JUnitReportReporter -->
<testsuite hostname="noak-PC" name="test.cli.cloudify.cloud.ExamplesTest" tests="1" failures="0" timestamp="25 Jun 2012 10:50:01 GMT" time="266.736" errors="0">
  <testcase name="testTravel" time="266.736" classname="test.cli.cloudify.cloud.ExamplesTest"/>
</testsuite> <!-- test.cli.cloudify.cloud.ExamplesTest -->
