<?xml version="1.0" encoding="UTF-8"?>
<!-- Generated by org.testng.reporters.JUnitReportReporter -->
<testsuite hostname="noak-PC" name="test.cli.cloudify.CustomCommandsOnMultipleInstancesTest" tests="5" failures="0" timestamp="23 Apr 2012 07:14:42 GMT" time="51.977" errors="0">
  <testcase name="testContextCommand" time="9.063" classname="test.cli.cloudify.CustomCommandsOnMultipleInstancesTest"/>
  <testcase name="testPrintCommand" time="8.351" classname="test.cli.cloudify.CustomCommandsOnMultipleInstancesTest"/>
  <testcase name="testRunScriptCommand" time="17.227" classname="test.cli.cloudify.CustomCommandsOnMultipleInstancesTest"/>
  <testcase name="testParamsCommand" time="8.100" classname="test.cli.cloudify.CustomCommandsOnMultipleInstancesTest"/>
  <testcase name="testXceptionCommand" time="9.236" classname="test.cli.cloudify.CustomCommandsOnMultipleInstancesTest"/>
</testsuite> <!-- test.cli.cloudify.CustomCommandsOnMultipleInstancesTest -->
