<?xml version="1.0" encoding="UTF-8"?>
<!-- Generated by org.testng.reporters.JUnitReportReporter -->
<testsuite hostname="noak-PC" name="test.cli.cloudify.cloud.MultipleMachineTemplatesTest" tests="1" failures="0" timestamp="13 Jun 2012 19:51:00 GMT" time="0.021" errors="0">
  <testcase name="testPetclinic" time="0.021" classname="test.cli.cloudify.cloud.MultipleMachineTemplatesTest"/>
</testsuite> <!-- test.cli.cloudify.cloud.MultipleMachineTemplatesTest -->
