<?xml version="1.0" encoding="UTF-8"?>
<!-- Generated by org.testng.reporters.JUnitReportReporter -->
<testsuite hostname="noak-PC" name="test.cli.cloudify.HttpStartDetectionTest" tests="2" failures="0" timestamp="26 Jul 2012 15:23:13 GMT" time="788.627" errors="0">
  <testcase name="httpStartDetectionTest" time="388.151" classname="test.cli.cloudify.HttpStartDetectionTest"/>
  <testcase name="urlLivenessDetectorTest" time="400.476" classname="test.cli.cloudify.HttpStartDetectionTest"/>
</testsuite> <!-- test.cli.cloudify.HttpStartDetectionTest -->
