<?xml version="1.0" encoding="UTF-8"?>
<!-- Generated by org.testng.reporters.JUnitReportReporter -->
<testsuite hostname="noak-PC" name="test.cli.cloudify.recipes.RecipesStatsTest" tests="1" failures="0" timestamp="31 May 2012 09:40:46 GMT" time="55.776" errors="0">
  <testcase name="testTomcat" time="55.776" classname="test.cli.cloudify.recipes.RecipesStatsTest"/>
</testsuite> <!-- test.cli.cloudify.recipes.RecipesStatsTest -->
