<?xml version="1.0" encoding="UTF-8"?>
<!-- Generated by org.testng.reporters.JUnitReportReporter -->
<testsuite hostname="noak-PC" name="test.cli.cloudify.cloud.RepetativeInstallAndUninstallOnByon" tests="1" failures="1" timestamp="25 Jun 2012 13:39:34 GMT" time="1799.982" errors="0">
  <testcase name="testPetclinic" time="1799.982" classname="test.cli.cloudify.cloud.RepetativeInstallAndUninstallOnByon">
    <failure type="org.testng.internal.thread.ThreadTimeoutException" message="Method org.testng.internal.TestNGMethod.testPetclinic() didn&#039;t finish within the time-out 1800000">
      <![CDATA[org.testng.internal.thread.ThreadTimeoutException: Method org.testng.internal.TestNGMethod.testPetclinic() didn't finish within the time-out 1800000
	at java.lang.ProcessImpl.waitFor(Native Method)
	at test.cli.cloudify.CommandTestUtils.handleCliOutput(CommandTestUtils.java:106)
	at test.cli.cloudify.CommandTestUtils.runCommand(CommandTestUtils.java:53)
	at test.cli.cloudify.cloud.AbstractCloudTest.installApplication(AbstractCloudTest.java:260)
	at test.cli.cloudify.cloud.AbstractCloudTest.installApplicationAndWait(AbstractCloudTest.java:229)
	at test.cli.cloudify.cloud.RepetativeInstallAndUninstallOnByon.testPetclinic(RepetativeInstallAndUninstallOnByon.java:70)
	at sun.reflect.NativeMethodAccessorImpl.invoke0(Native Method)
	at sun.reflect.NativeMethodAccessorImpl.invoke(NativeMethodAccessorImpl.java:39)
	at sun.reflect.DelegatingMethodAccessorImpl.invoke(DelegatingMethodAccessorImpl.java:25)
	at java.lang.reflect.Method.invoke(Method.java:597)
	at org.testng.internal.MethodInvocationHelper.invokeMethod(MethodInvocationHelper.java:80)
	at org.testng.internal.InvokeMethodRunnable.runOne(InvokeMethodRunnable.java:46)
	at org.testng.internal.InvokeMethodRunnable.run(InvokeMethodRunnable.java:37)
	at java.util.concurrent.Executors$RunnableAdapter.call(Executors.java:441)
	at java.util.concurrent.FutureTask$Sync.innerRun(FutureTask.java:303)
	at java.util.concurrent.FutureTask.run(FutureTask.java:138)
	at java.util.concurrent.ThreadPoolExecutor$Worker.runTask(ThreadPoolExecutor.java:886)
	at java.util.concurrent.ThreadPoolExecutor$Worker.run(ThreadPoolExecutor.java:908)
	at java.lang.Thread.run(Thread.java:662)
]]>
    </failure>
  </testcase> <!-- testPetclinic -->
</testsuite> <!-- test.cli.cloudify.cloud.RepetativeInstallAndUninstallOnByon -->
