<?xml version="1.0" encoding="UTF-8"?>
<!-- Generated by org.testng.reporters.JUnitReportReporter -->
<testsuite hostname="noak-PC" name="test.cli.cloudify.InternalUSMPuServiceDownTest" tests="1" failures="0" timestamp="20 May 2012 13:26:46 GMT" time="415.681" errors="1">
  <testcase name="tomcatServiceDownAndCorruptedTest" time="415.681" classname="test.cli.cloudify.InternalUSMPuServiceDownTest">
    <error type="java.lang.AssertionError" message="ProcessingUnitInstanceAdded event has not been fired">
      <![CDATA[java.lang.AssertionError: ProcessingUnitInstanceAdded event has not been fired
	at org.testng.AssertJUnit.fail(AssertJUnit.java:59)
	at org.testng.AssertJUnit.assertTrue(AssertJUnit.java:24)
	at framework.utils.AssertUtils._assertTrue(AssertUtils.java:144)
	at framework.utils.AssertUtils.assertTrue(AssertUtils.java:137)
	at test.AbstractTest.assertTrue(AbstractTest.java:125)
	at test.cli.cloudify.InternalUSMPuServiceDownTest.tomcatServiceDownAndCorruptedTest(InternalUSMPuServiceDownTest.java:142)
	at sun.reflect.NativeMethodAccessorImpl.invoke0(Native Method)
	at sun.reflect.NativeMethodAccessorImpl.invoke(NativeMethodAccessorImpl.java:39)
	at sun.reflect.DelegatingMethodAccessorImpl.invoke(DelegatingMethodAccessorImpl.java:25)
	at java.lang.reflect.Method.invoke(Method.java:597)
	at org.testng.internal.MethodInvocationHelper.invokeMethod(MethodInvocationHelper.java:80)
	at org.testng.internal.InvokeMethodRunnable.runOne(InvokeMethodRunnable.java:46)
	at org.testng.internal.InvokeMethodRunnable.run(InvokeMethodRunnable.java:37)
	at java.util.concurrent.Executors$RunnableAdapter.call(Executors.java:441)
	at java.util.concurrent.FutureTask$Sync.innerRun(FutureTask.java:303)
	at java.util.concurrent.FutureTask.run(FutureTask.java:138)
	at java.util.concurrent.ThreadPoolExecutor$Worker.runTask(ThreadPoolExecutor.java:886)
	at java.util.concurrent.ThreadPoolExecutor$Worker.run(ThreadPoolExecutor.java:908)
	at java.lang.Thread.run(Thread.java:662)
]]>
    </error>
  </testcase> <!-- tomcatServiceDownAndCorruptedTest -->
</testsuite> <!-- test.cli.cloudify.InternalUSMPuServiceDownTest -->
