<?xml version="1.0" encoding="UTF-8"?>
<!-- Generated by org.testng.reporters.JUnitReportReporter -->
<testsuite hostname="noak-PC" name="test.cli.cloudify.CLILifecycleEventsTest" tests="1" failures="0" timestamp="25 Jul 2012 08:03:11 GMT" time="66.154" errors="0">
  <testcase name="testServiceInstallLifecycleLogs" time="66.154" classname="test.cli.cloudify.CLILifecycleEventsTest"/>
</testsuite> <!-- test.cli.cloudify.CLILifecycleEventsTest -->
