<?xml version="1.0" encoding="UTF-8"?>
<!-- Generated by org.testng.reporters.JUnitReportReporter -->
<testsuite hostname="noak-PC" name="test.cli.cloudify.CustomCommandsOnMultipleInstancesApplicationTest" tests="5" failures="0" timestamp="26 Jul 2012 15:36:05 GMT" time="22.815" errors="0">
  <testcase name="testParamsCommand" time="3.540" classname="test.cli.cloudify.CustomCommandsOnMultipleInstancesApplicationTest"/>
  <testcase name="testPrintCommandOnApp" time="3.528" classname="test.cli.cloudify.CustomCommandsOnMultipleInstancesApplicationTest"/>
  <testcase name="testExceptionCommand" time="3.695" classname="test.cli.cloudify.CustomCommandsOnMultipleInstancesApplicationTest"/>
  <testcase name="testContextCommand" time="3.935" classname="test.cli.cloudify.CustomCommandsOnMultipleInstancesApplicationTest"/>
  <testcase name="testRunScriptCommand" time="8.117" classname="test.cli.cloudify.CustomCommandsOnMultipleInstancesApplicationTest"/>
</testsuite> <!-- test.cli.cloudify.CustomCommandsOnMultipleInstancesApplicationTest -->
