<?xml version="1.0" encoding="UTF-8"?>
<!-- Generated by org.testng.reporters.JUnitReportReporter -->
<testsuite hostname="noak-PC" name="test.cli.cloudify.cloud.BootstrapFailureEc2Test" tests="1" failures="0" timestamp="13 Jun 2012 11:26:25 GMT" time="203.803" errors="0">
  <testcase name="installTest" time="203.803" classname="test.cli.cloudify.cloud.BootstrapFailureEc2Test"/>
</testsuite> <!-- test.cli.cloudify.cloud.BootstrapFailureEc2Test -->
