<?xml version="1.0" encoding="UTF-8"?>
<!-- Generated by org.testng.reporters.JUnitReportReporter -->
<testsuite hostname="Noak-pc" name="test.cli.cloudify.RepetitiveActualServiceFailoverTest" tests="1" failures="0" timestamp="20 Feb 2012 08:51:14 GMT" time="237.300" errors="0">
  <testcase name="tomcatServiceDownAndCorruptedTest" time="237.300" classname="test.cli.cloudify.RepetitiveActualServiceFailoverTest"/>
</testsuite>
