<?xml version="1.0" encoding="UTF-8"?>
<!-- Generated by org.testng.reporters.JUnitReportReporter -->
<testsuite hostname="Noak-pc" name="test.cli.cloudify.InstallAndUninstallApplicationTest" tests="1" failures="0" timestamp="26 Jan 2012 16:50:34 GMT" time="41.844" errors="0">
  <testcase name="testInstallAndUninstall" time="41.844" classname="test.cli.cloudify.InstallAndUninstallApplicationTest"/>
</testsuite>
