<?xml version="1.0" encoding="UTF-8"?>
<!-- Generated by org.testng.reporters.JUnitReportReporter -->
<testsuite hostname="noak-PC" name="test.cli.cloudify.cloud.NamesAsIPsByonTest" tests="1" failures="0" timestamp="20 Jun 2012 11:02:20 GMT" time="0.150" errors="1">
  <testcase name="testPetclinic" time="0.150" classname="test.cli.cloudify.cloud.NamesAsIPsByonTest">
    <error type="java.lang.AssertionError" message="Test failed becuase the cloud was not bootstrapped properly">
      <![CDATA[java.lang.AssertionError: Test failed becuase the cloud was not bootstrapped properly
	at org.testng.Assert.fail(Assert.java:89)
	at test.cli.cloudify.cloud.AbstractCloudTest.getRestUrl(AbstractCloudTest.java:271)
	at test.cli.cloudify.cloud.AbstractCloudTest.installApplication(AbstractCloudTest.java:244)
	at test.cli.cloudify.cloud.AbstractCloudTest.installApplicationAndWait(AbstractCloudTest.java:229)
	at test.cli.cloudify.cloud.NamesAsIPsByonTest.testPetclinic(NamesAsIPsByonTest.java:72)
	at sun.reflect.NativeMethodAccessorImpl.invoke0(Native Method)
	at sun.reflect.NativeMethodAccessorImpl.invoke(NativeMethodAccessorImpl.java:39)
	at sun.reflect.DelegatingMethodAccessorImpl.invoke(DelegatingMethodAccessorImpl.java:25)
	at java.lang.reflect.Method.invoke(Method.java:597)
	at org.testng.internal.MethodInvocationHelper.invokeMethod(MethodInvocationHelper.java:80)
	at org.testng.internal.InvokeMethodRunnable.runOne(InvokeMethodRunnable.java:46)
	at org.testng.internal.InvokeMethodRunnable.run(InvokeMethodRunnable.java:37)
	at java.util.concurrent.Executors$RunnableAdapter.call(Executors.java:441)
	at java.util.concurrent.FutureTask$Sync.innerRun(FutureTask.java:303)
	at java.util.concurrent.FutureTask.run(FutureTask.java:138)
	at java.util.concurrent.ThreadPoolExecutor$Worker.runTask(ThreadPoolExecutor.java:886)
	at java.util.concurrent.ThreadPoolExecutor$Worker.run(ThreadPoolExecutor.java:908)
	at java.lang.Thread.run(Thread.java:662)
]]>
    </error>
  </testcase> <!-- testPetclinic -->
</testsuite> <!-- test.cli.cloudify.cloud.NamesAsIPsByonTest -->
