<?xml version="1.0" encoding="UTF-8"?>
<!-- Generated by org.testng.reporters.JUnitReportReporter -->
<testsuite hostname="noak-PC" name="test.cli.cloudify.LifecycleDetailsMonitorMapClosureTest" tests="1" failures="0" timestamp="21 Jun 2012 10:56:16 GMT" time="40.135" errors="0">
  <testcase name="testDetailsAndMonitorsMap" time="40.135" classname="test.cli.cloudify.LifecycleDetailsMonitorMapClosureTest"/>
</testsuite> <!-- test.cli.cloudify.LifecycleDetailsMonitorMapClosureTest -->
