<?xml version="1.0" encoding="UTF-8"?>
<!-- Generated by org.testng.reporters.JUnitReportReporter -->
<testsuite hostname="noak-PC" name="test.cli.cloudify.cloud.byon.NamesAsIPsByonTest" tests="1" failures="0" timestamp="18 Jul 2012 12:12:38 GMT" time="654.763" errors="0">
  <testcase name="testPetclinic" time="654.763" classname="test.cli.cloudify.cloud.byon.NamesAsIPsByonTest"/>
</testsuite> <!-- test.cli.cloudify.cloud.byon.NamesAsIPsByonTest -->
