<?xml version="1.0" encoding="UTF-8"?>
<!-- Generated by org.testng.reporters.JUnitReportReporter -->
<testsuite hostname="noak-PC" name="test.cli.cloudify.recipes.CyclicDependencyTest" tests="1" failures="0" timestamp="20 May 2012 10:40:39 GMT" time="148.236" errors="0">
  <testcase name="diamondTest" time="148.236" classname="test.cli.cloudify.recipes.CyclicDependencyTest"/>
</testsuite> <!-- test.cli.cloudify.recipes.CyclicDependencyTest -->
