<?xml version="1.0" encoding="UTF-8"?>
<!-- Generated by org.testng.reporters.JUnitReportReporter -->
<testsuite hostname="noak-PC" name="test.cli.cloudify.recipes.SimpleDependencyTest" tests="1" failures="0" timestamp="20 May 2012 09:31:17 GMT" time="91.665" errors="0">
  <testcase name="dependencyTest" time="91.665" classname="test.cli.cloudify.recipes.SimpleDependencyTest"/>
</testsuite> <!-- test.cli.cloudify.recipes.SimpleDependencyTest -->
