<?xml version="1.0" encoding="UTF-8"?>
<!-- Generated by org.testng.reporters.JUnitReportReporter -->
<testsuite hostname="noak-PC" name="test.cli.cloudify.recipes.InstallUninstallPetclinicTest" tests="1" failures="0" timestamp="25 Jul 2012 08:16:41 GMT" time="621.039" errors="0">
  <testcase name="multipleInstallUninstallTest" time="621.039" classname="test.cli.cloudify.recipes.InstallUninstallPetclinicTest"/>
</testsuite> <!-- test.cli.cloudify.recipes.InstallUninstallPetclinicTest -->
