<?xml version="1.0" encoding="UTF-8"?>
<!-- Generated by org.testng.reporters.JUnitReportReporter -->
<testsuite hostname="noak-PC" name="test.cli.cloudify.cloud.CleanGSFilesByonTest" tests="1" failures="0" timestamp="14 Jun 2012 07:40:55 GMT" time="378.571" errors="0">
  <testcase name="installTest" time="378.571" classname="test.cli.cloudify.cloud.CleanGSFilesByonTest"/>
</testsuite> <!-- test.cli.cloudify.cloud.CleanGSFilesByonTest -->
