<?xml version="1.0" encoding="UTF-8"?>
<!-- Generated by org.testng.reporters.JUnitReportReporter -->
<testsuite hostname="noak-PC" name="test.cli.cloudify.recipes.ProductExamplesTest" tests="1" failures="0" timestamp="26 Jul 2012 08:00:42 GMT" time="209.426" errors="0">
  <testcase name="installPetclinic" time="209.426" classname="test.cli.cloudify.recipes.ProductExamplesTest"/>
</testsuite> <!-- test.cli.cloudify.recipes.ProductExamplesTest -->
